生成启动时间为 2015/7/7 16:58:57。
     1>项目“F:\workspace\Qt\Mocap\INIParser\INIParser.vcxproj”在节点 2 上(rebuild 个目标)。
     1>_PrepareForClean:
         正在删除文件“Release\INIParser.lastbuildstate”。
       InitializeBuildStatus:
         正在创建“Release\INIParser.unsuccessfulbuild”，因为已指定“AlwaysCreate”。
       ClCompile:
         d:\application\Microsoft Visual Studio 10.0\VC\bin\CL.exe /c /Zi /nologo /W3 /WX- /O2 /Oi /Oy- /GL /D _MBCS /Gm- /EHsc /MD /GS /Gy /fp:precise /Zc:wchar_t /Zc:forScope /Fo"Release\\" /Fd"Release\vc100.pdb" /Gd /TP /analyze- /errorReport:prompt dictionary.cpp INIHelper.cpp iniparser.cpp
         dictionary.cpp
     1>dictionary.cpp(74): warning C4996: 'strcpy': This function or variable may be unsafe. Consider using strcpy_s instead. To disable deprecation, use _CRT_SECURE_NO_WARNINGS. See online help for details.
                 d:\application\Microsoft Visual Studio 10.0\VC\include\string.h(105) : 参见“strcpy”的声明
         INIHelper.cpp
     1>INIHelper.cpp(61): warning C4800: “int”: 将值强制为布尔值“true”或“false”(性能警告)
         iniparser.cpp
     1>iniparser.cpp(90): warning C4996: 'strcpy': This function or variable may be unsafe. Consider using strcpy_s instead. To disable deprecation, use _CRT_SECURE_NO_WARNINGS. See online help for details.
                 d:\application\Microsoft Visual Studio 10.0\VC\include\string.h(105) : 参见“strcpy”的声明
     1>iniparser.cpp(237): warning C4996: 'sprintf': This function or variable may be unsafe. Consider using sprintf_s instead. To disable deprecation, use _CRT_SECURE_NO_WARNINGS. See online help for details.
                 d:\application\Microsoft Visual Studio 10.0\VC\include\stdio.h(371) : 参见“sprintf”的声明
     1>iniparser.cpp(465): warning C4996: 'strcpy': This function or variable may be unsafe. Consider using strcpy_s instead. To disable deprecation, use _CRT_SECURE_NO_WARNINGS. See online help for details.
                 d:\application\Microsoft Visual Studio 10.0\VC\include\string.h(105) : 参见“strcpy”的声明
     1>iniparser.cpp(477): warning C4996: 'sscanf': This function or variable may be unsafe. Consider using sscanf_s instead. To disable deprecation, use _CRT_SECURE_NO_WARNINGS. See online help for details.
                 d:\application\Microsoft Visual Studio 10.0\VC\include\stdio.h(325) : 参见“sscanf”的声明
     1>iniparser.cpp(478): warning C4996: 'strcpy': This function or variable may be unsafe. Consider using strcpy_s instead. To disable deprecation, use _CRT_SECURE_NO_WARNINGS. See online help for details.
                 d:\application\Microsoft Visual Studio 10.0\VC\include\string.h(105) : 参见“strcpy”的声明
     1>iniparser.cpp(479): warning C4996: 'strcpy': This function or variable may be unsafe. Consider using strcpy_s instead. To disable deprecation, use _CRT_SECURE_NO_WARNINGS. See online help for details.
                 d:\application\Microsoft Visual Studio 10.0\VC\include\string.h(105) : 参见“strcpy”的声明
     1>iniparser.cpp(483): warning C4996: 'sscanf': This function or variable may be unsafe. Consider using sscanf_s instead. To disable deprecation, use _CRT_SECURE_NO_WARNINGS. See online help for details.
                 d:\application\Microsoft Visual Studio 10.0\VC\include\stdio.h(325) : 参见“sscanf”的声明
     1>iniparser.cpp(485): warning C4996: 'strcpy': This function or variable may be unsafe. Consider using strcpy_s instead. To disable deprecation, use _CRT_SECURE_NO_WARNINGS. See online help for details.
                 d:\application\Microsoft Visual Studio 10.0\VC\include\string.h(105) : 参见“strcpy”的声明
     1>iniparser.cpp(486): warning C4996: 'strcpy': This function or variable may be unsafe. Consider using strcpy_s instead. To disable deprecation, use _CRT_SECURE_NO_WARNINGS. See online help for details.
                 d:\application\Microsoft Visual Studio 10.0\VC\include\string.h(105) : 参见“strcpy”的声明
     1>iniparser.cpp(487): warning C4996: 'strcpy': This function or variable may be unsafe. Consider using strcpy_s instead. To disable deprecation, use _CRT_SECURE_NO_WARNINGS. See online help for details.
                 d:\application\Microsoft Visual Studio 10.0\VC\include\string.h(105) : 参见“strcpy”的声明
     1>iniparser.cpp(497): warning C4996: 'sscanf': This function or variable may be unsafe. Consider using sscanf_s instead. To disable deprecation, use _CRT_SECURE_NO_WARNINGS. See online help for details.
                 d:\application\Microsoft Visual Studio 10.0\VC\include\stdio.h(325) : 参见“sscanf”的声明
     1>iniparser.cpp(504): warning C4996: 'strcpy': This function or variable may be unsafe. Consider using strcpy_s instead. To disable deprecation, use _CRT_SECURE_NO_WARNINGS. See online help for details.
                 d:\application\Microsoft Visual Studio 10.0\VC\include\string.h(105) : 参见“strcpy”的声明
     1>iniparser.cpp(505): warning C4996: 'strcpy': This function or variable may be unsafe. Consider using strcpy_s instead. To disable deprecation, use _CRT_SECURE_NO_WARNINGS. See online help for details.
                 d:\application\Microsoft Visual Studio 10.0\VC\include\string.h(105) : 参见“strcpy”的声明
     1>iniparser.cpp(546): warning C4996: 'fopen': This function or variable may be unsafe. Consider using fopen_s instead. To disable deprecation, use _CRT_SECURE_NO_WARNINGS. See online help for details.
                 d:\application\Microsoft Visual Studio 10.0\VC\include\stdio.h(234) : 参见“fopen”的声明
     1>iniparser.cpp(600): warning C4996: 'sprintf': This function or variable may be unsafe. Consider using sprintf_s instead. To disable deprecation, use _CRT_SECURE_NO_WARNINGS. See online help for details.
                 d:\application\Microsoft Visual Studio 10.0\VC\include\stdio.h(371) : 参见“sprintf”的声明
       Lib:
         d:\application\Microsoft Visual Studio 10.0\VC\bin\Lib.exe /OUT:"F:\workspace\Qt\Mocap\Release\INIParser.lib" /NOLOGO /LTCG Release\dictionary.obj
         Release\INIHelper.obj
         Release\iniparser.obj
         INIParser.vcxproj -> F:\workspace\Qt\Mocap\Release\INIParser.lib
       FinalizeBuildStatus:
         正在删除文件“Release\INIParser.unsuccessfulbuild”。
         正在对“Release\INIParser.lastbuildstate”执行 Touch 任务。
     1>已完成生成项目“F:\workspace\Qt\Mocap\INIParser\INIParser.vcxproj”(rebuild 个目标)的操作。

生成成功。

已用时间 00:00:00.22
