F:\WORKSPACE\QT\MOCAP\MOCAP\GENERATEDFILES\QRC_MOCAP.CPP
F:\WORKSPACE\QT\MOCAP\MOCAP\GENERATEDFILES\RELEASE\MOC_CALIBRATIONPARAWIDGET.CPP
F:\WORKSPACE\QT\MOCAP\MOCAP\GENERATEDFILES\RELEASE\MOC_CALIBRATIONWIDGET.CPP
F:\WORKSPACE\QT\MOCAP\MOCAP\GENERATEDFILES\RELEASE\MOC_CAMERAPARAWIDGET.CPP
F:\WORKSPACE\QT\MOCAP\MOCAP\GENERATEDFILES\RELEASE\MOC_CAMERAWIDGET.CPP
F:\WORKSPACE\QT\MOCAP\MOCAP\GENERATEDFILES\RELEASE\MOC_CAPTURECONTROLLER.CPP
F:\WORKSPACE\QT\MOCAP\MOCAP\GENERATEDFILES\RELEASE\MOC_EVALUATIONWIDGET.CPP
F:\WORKSPACE\QT\MOCAP\MOCAP\GENERATEDFILES\RELEASE\MOC_IMAGEWIDGET.CPP
F:\WORKSPACE\QT\MOCAP\MOCAP\GENERATEDFILES\RELEASE\MOC_MOCAP.CPP
F:\WORKSPACE\QT\MOCAP\MOCAP\GENERATEDFILES\RELEASE\MOC_POISEMANTICSELECTIONDIALOG.CPP
F:\WORKSPACE\QT\MOCAP\MOCAP\GENERATEDFILES\RELEASE\MOC_POISIMAGEWIDGET.CPP
F:\WORKSPACE\QT\MOCAP\MOCAP\GENERATEDFILES\RELEASE\MOC_POSTPROCESSWIDGET.CPP
F:\WORKSPACE\QT\MOCAP\MOCAP\GENERATEDFILES\RELEASE\MOC_RECONSTRUCTIONPARAWIDGET.CPP
F:\WORKSPACE\QT\MOCAP\MOCAP\GENERATEDFILES\RELEASE\MOC_RECONSTRUCTIONWIDGET.CPP
F:\WORKSPACE\QT\MOCAP\MOCAP\GENERATEDFILES\RELEASE\MOC_SYNCAPTURETHREAD.CPP
F:\WORKSPACE\QT\MOCAP\MOCAP\GENERATEDFILES\RELEASE\MOC_THREEDWIDGET.CPP
F:\WORKSPACE\QT\MOCAP\MOCAP\GENERATEDFILES\RELEASE\MOC_VIDEOCONTROLLER.CPP
F:\WORKSPACE\QT\MOCAP\MOCAP\GENERATEDFILES\UI_CALIBRATIONPARAWIDGET.H
F:\WORKSPACE\QT\MOCAP\MOCAP\GENERATEDFILES\UI_CALIBRATIONWIDGET.H
F:\WORKSPACE\QT\MOCAP\MOCAP\GENERATEDFILES\UI_CAMERAPARAWIDGET.H
F:\WORKSPACE\QT\MOCAP\MOCAP\GENERATEDFILES\UI_CAMERAWIDGET.H
F:\WORKSPACE\QT\MOCAP\MOCAP\GENERATEDFILES\UI_EVALUATIONWIDGET.H
F:\WORKSPACE\QT\MOCAP\MOCAP\GENERATEDFILES\UI_IMAGEWIDGET.H
F:\WORKSPACE\QT\MOCAP\MOCAP\GENERATEDFILES\UI_MOCAP.H
F:\WORKSPACE\QT\MOCAP\MOCAP\GENERATEDFILES\UI_POISEMANTICSELECTIONDIALOG.H
F:\WORKSPACE\QT\MOCAP\MOCAP\GENERATEDFILES\UI_POSTPROCESSWIDGET.H
F:\WORKSPACE\QT\MOCAP\MOCAP\GENERATEDFILES\UI_RECONSTRUCTIONPARAWIDGET.H
F:\WORKSPACE\QT\MOCAP\MOCAP\GENERATEDFILES\UI_RECONSTRUCTIONWIDGET.H
F:\WORKSPACE\QT\MOCAP\MOCAP\GENERATEDFILES\UI_THREEDWIDGET.H
F:\WORKSPACE\QT\MOCAP\MOCAP\RELEASE\ABSTRACTCAMERA.OBJ
F:\WORKSPACE\QT\MOCAP\MOCAP\RELEASE\ABSTRACTTRACKER.OBJ
F:\WORKSPACE\QT\MOCAP\MOCAP\RELEASE\BASICRECONSTRUCTOR.OBJ
F:\WORKSPACE\QT\MOCAP\MOCAP\RELEASE\BLOB.OBJ
F:\WORKSPACE\QT\MOCAP\MOCAP\RELEASE\CALIBRATIONPARAWIDGET.OBJ
F:\WORKSPACE\QT\MOCAP\MOCAP\RELEASE\CALIBRATIONWIDGET.OBJ
F:\WORKSPACE\QT\MOCAP\MOCAP\RELEASE\CAMERAPARAWIDGET.OBJ
F:\WORKSPACE\QT\MOCAP\MOCAP\RELEASE\CAMERAWIDGET.OBJ
F:\WORKSPACE\QT\MOCAP\MOCAP\RELEASE\CAPTURECONTROLLER.OBJ
F:\workspace\Qt\Mocap\Mocap\Release\cl.command.1.tlog
F:\workspace\Qt\Mocap\Mocap\Release\CL.read.1.tlog
F:\workspace\Qt\Mocap\Mocap\Release\CL.write.1.tlog
F:\workspace\Qt\Mocap\Mocap\Release\custombuild.command.1.tlog
F:\workspace\Qt\Mocap\Mocap\Release\custombuild.read.1.tlog
F:\workspace\Qt\Mocap\Mocap\Release\custombuild.write.1.tlog
F:\WORKSPACE\QT\MOCAP\MOCAP\RELEASE\EVALUATIONWIDGET.OBJ
F:\WORKSPACE\QT\MOCAP\MOCAP\RELEASE\IMAGEWIDGET.OBJ
F:\WORKSPACE\QT\MOCAP\MOCAP\RELEASE\KALMANFILTERTRACKER.OBJ
F:\workspace\Qt\Mocap\Mocap\Release\link.command.1.tlog
F:\workspace\Qt\Mocap\Mocap\Release\link.read.1.tlog
F:\workspace\Qt\Mocap\Mocap\Release\link.write.1.tlog
F:\WORKSPACE\QT\MOCAP\MOCAP\RELEASE\MAIN.OBJ
F:\WORKSPACE\QT\MOCAP\MOCAP\RELEASE\MOC_CALIBRATIONPARAWIDGET.OBJ
F:\WORKSPACE\QT\MOCAP\MOCAP\RELEASE\MOC_CALIBRATIONWIDGET.OBJ
F:\WORKSPACE\QT\MOCAP\MOCAP\RELEASE\MOC_CAMERAPARAWIDGET.OBJ
F:\WORKSPACE\QT\MOCAP\MOCAP\RELEASE\MOC_CAMERAWIDGET.OBJ
F:\WORKSPACE\QT\MOCAP\MOCAP\RELEASE\MOC_CAPTURECONTROLLER.OBJ
F:\WORKSPACE\QT\MOCAP\MOCAP\RELEASE\MOC_EVALUATIONWIDGET.OBJ
F:\WORKSPACE\QT\MOCAP\MOCAP\RELEASE\MOC_IMAGEWIDGET.OBJ
F:\WORKSPACE\QT\MOCAP\MOCAP\RELEASE\MOC_MOCAP.OBJ
F:\WORKSPACE\QT\MOCAP\MOCAP\RELEASE\MOC_POISEMANTICSELECTIONDIALOG.OBJ
F:\WORKSPACE\QT\MOCAP\MOCAP\RELEASE\MOC_POISIMAGEWIDGET.OBJ
F:\WORKSPACE\QT\MOCAP\MOCAP\RELEASE\MOC_POSTPROCESSWIDGET.OBJ
F:\WORKSPACE\QT\MOCAP\MOCAP\RELEASE\MOC_RECONSTRUCTIONPARAWIDGET.OBJ
F:\WORKSPACE\QT\MOCAP\MOCAP\RELEASE\MOC_RECONSTRUCTIONWIDGET.OBJ
F:\WORKSPACE\QT\MOCAP\MOCAP\RELEASE\MOC_SYNCAPTURETHREAD.OBJ
F:\WORKSPACE\QT\MOCAP\MOCAP\RELEASE\MOC_THREEDWIDGET.OBJ
F:\WORKSPACE\QT\MOCAP\MOCAP\RELEASE\MOC_VIDEOCONTROLLER.OBJ
F:\WORKSPACE\QT\MOCAP\MOCAP\RELEASE\MOCAP.EXE.INTERMEDIATE.MANIFEST
F:\WORKSPACE\QT\MOCAP\MOCAP\RELEASE\MOCAP.OBJ
F:\workspace\Qt\Mocap\Mocap\Release\Mocap.vcxprojResolveAssemblyReference.cache
F:\workspace\Qt\Mocap\Mocap\Release\Mocap.write.1.tlog
F:\workspace\Qt\Mocap\Mocap\Release\mt.command.1.tlog
F:\workspace\Qt\Mocap\Mocap\Release\mt.read.1.tlog
F:\workspace\Qt\Mocap\Mocap\Release\mt.write.1.tlog
F:\WORKSPACE\QT\MOCAP\MOCAP\RELEASE\OPTITRACKCAMERA.OBJ
F:\WORKSPACE\QT\MOCAP\MOCAP\RELEASE\POI.OBJ
F:\WORKSPACE\QT\MOCAP\MOCAP\RELEASE\POIFINDER.OBJ
F:\WORKSPACE\QT\MOCAP\MOCAP\RELEASE\POISEMANTICSELECTIONDIALOG.OBJ
F:\WORKSPACE\QT\MOCAP\MOCAP\RELEASE\POISIMAGEWIDGET.OBJ
F:\WORKSPACE\QT\MOCAP\MOCAP\RELEASE\POSTPROCESSWIDGET.OBJ
F:\WORKSPACE\QT\MOCAP\MOCAP\RELEASE\PROFILE.OBJ
F:\WORKSPACE\QT\MOCAP\MOCAP\RELEASE\QRC_MOCAP.OBJ
F:\WORKSPACE\QT\MOCAP\MOCAP\RELEASE\RECONSTRUCTIONPARAWIDGET.OBJ
F:\WORKSPACE\QT\MOCAP\MOCAP\RELEASE\RECONSTRUCTIONWIDGET.OBJ
F:\WORKSPACE\QT\MOCAP\MOCAP\RELEASE\SYNCAPTURETHREAD.OBJ
F:\WORKSPACE\QT\MOCAP\MOCAP\RELEASE\THREEDWIDGET.OBJ
F:\WORKSPACE\QT\MOCAP\MOCAP\RELEASE\VIDEOCONTROLLER.OBJ
F:\WORKSPACE\QT\MOCAP\WIN32\RELEASE\MOCAP.EXE
