生成启动时间为 2015/9/1 10:43:06。
     1>项目“F:\workspace\Qt\Mocap\Mocap\Mocap.vcxproj”在节点 2 上(rebuild 个目标)。
     1>_PrepareForClean:
         正在删除文件“Debug\Mocap.lastbuildstate”。
       InitializeBuildStatus:
         正在创建“Debug\Mocap.unsuccessfulbuild”，因为已指定“AlwaysCreate”。
       CustomBuild:
         Moc'ing mocap.h...
         Uic'ing mocap.ui...
         Moc'ing ReconstructionParaWidget.h...
         Moc'ing ReconstructionWidget.h...
         Moc'ing CalibrationWidget.h...
         Moc'ing EvaluationWidget.h...
         Moc'ing CameraParaWidget.h...
         Moc'ing CalibrationParaWidget.h...
         Moc'ing SynCaptureThread.h...
         Moc'ing POISemanticSelectionDialog.h...
         Moc'ing ImageWidget.h...
         Moc'ing PostprocessWidget.h...
         Moc'ing VideoController.h...
         Moc'ing POIsImageWidget.h...
         Moc'ing CameraWidget.h...
         Moc'ing CaptureController.h...
         Moc'ing ThreeDWidget.h...
         Rcc'ing mocap.qrc...
         Uic'ing GUI\ThreeDWidget.ui...
         Uic'ing CameraWidget.ui...
         Uic'ing GUI\ImageWidget.ui...
         Uic'ing GUI\POISemanticSelectionDialog.ui...
         Uic'ing CalibrationWidget.ui...
         Uic'ing ReconstructionWidget.ui...
         Uic'ing EvaluationWidget.ui...
         Uic'ing PostprocessWidget.ui...
         Uic'ing CameraParaWidget.ui...
         Uic'ing CalibrationParaWidget.ui...
         Uic'ing ReconstructionParaWidget.ui...
       ClCompile:
         D:\application\Microsoft Visual Studio 10.0\VC\bin\CL.exe /c /I.\GeneratedFiles /I. /ID:\Library\Qt\4.8.6\include /I.\GeneratedFiles\Debug /ID:\Library\Qt\4.8.6\include\QtCore /ID:\Library\Qt\4.8.6\include\QtGui /ID:\Library\Qt\4.8.6\include\QtOpenGL /I.\GUI /I.\Threads /I"D:\Library\Optitrack\Camera SDK\include" /I"D:\Library\eigen-3.2.4" /ID:\Library\opencv\build\include /ID:\Library\opencv\build\include\opencv /ID:\Library\opencv\build\include\opencv2 /Zi /nologo /W1 /WX- /Od /Oy- /D UNICODE /D WIN32 /D QT_DLL /D QT_CORE_LIB /D QT_GUI_LIB /D QT_OPENGL_LIB /D NOMINMAX /D CAMERALIBRARY_IMPORTS /D CORE_IMPORTS /D USE_SYNC_THREAD /Gm- /EHsc /MDd /GS /fp:precise /Zc:wchar_t- /Zc:forScope /Fo"Debug\\" /Fd"Debug\vc100.pdb" /Gd /TP /analyze- /errorReport:prompt AbstractCamera.cpp AbstractTracker.cpp BasicReconstructor.cpp Blob.cpp CalibrationParaWidget.cpp CalibrationWidget.cpp CameraParaWidget.cpp CameraWidget.cpp EvaluationWidget.cpp GeneratedFiles\Debug\moc_CalibrationParaWidget.cpp GeneratedFiles\Debug\moc_CalibrationWidget.cpp GeneratedFiles\Debug\moc_CameraParaWidget.cpp GeneratedFiles\Debug\moc_CameraWidget.cpp GeneratedFiles\Debug\moc_CaptureController.cpp GeneratedFiles\Debug\moc_EvaluationWidget.cpp GeneratedFiles\Debug\moc_ImageWidget.cpp GeneratedFiles\Debug\moc_mocap.cpp GeneratedFiles\Debug\moc_POISemanticSelectionDialog.cpp GeneratedFiles\Debug\moc_POIsImageWidget.cpp GeneratedFiles\Debug\moc_PostprocessWidget.cpp GeneratedFiles\Debug\moc_ReconstructionParaWidget.cpp GeneratedFiles\Debug\moc_ReconstructionWidget.cpp GeneratedFiles\Debug\moc_SynCaptureThread.cpp GeneratedFiles\Debug\moc_ThreeDWidget.cpp GeneratedFiles\Debug\moc_VideoController.cpp GUI\ImageWidget.cpp GUI\POISemanticSelectionDialog.cpp GUI\POIsImageWidget.cpp GUI\ThreeDWidget.cpp KalmanFilterTracker.cpp main.cpp mocap.cpp OptiTrackCamera.cpp POI.cpp POIFinder.cpp PostprocessWidget.cpp Profile.cpp ReconstructionParaWidget.cpp ReconstructionWidget.cpp Threads\CaptureController.cpp Threads\SynCaptureThread.cpp Threads\VideoController.cpp
         AbstractCamera.cpp
         AbstractTracker.cpp
         BasicReconstructor.cpp
         Blob.cpp
         CalibrationParaWidget.cpp
         CalibrationWidget.cpp
         CameraParaWidget.cpp
         CameraWidget.cpp
         EvaluationWidget.cpp
         moc_CalibrationParaWidget.cpp
         moc_CalibrationWidget.cpp
         moc_CameraParaWidget.cpp
         moc_CameraWidget.cpp
         moc_CaptureController.cpp
         moc_EvaluationWidget.cpp
         moc_ImageWidget.cpp
         moc_mocap.cpp
         moc_POISemanticSelectionDialog.cpp
         moc_POIsImageWidget.cpp
         moc_PostprocessWidget.cpp
         正在生成代码...
         正在编译...
         moc_ReconstructionParaWidget.cpp
         moc_ReconstructionWidget.cpp
         moc_SynCaptureThread.cpp
         moc_ThreeDWidget.cpp
         moc_VideoController.cpp
         ImageWidget.cpp
         POISemanticSelectionDialog.cpp
         POIsImageWidget.cpp
         ThreeDWidget.cpp
         KalmanFilterTracker.cpp
         main.cpp
         mocap.cpp
         OptiTrackCamera.cpp
         POI.cpp
         POIFinder.cpp
         PostprocessWidget.cpp
         Profile.cpp
         ReconstructionParaWidget.cpp
         ReconstructionWidget.cpp
         CaptureController.cpp
         正在生成代码...
         正在编译...
         SynCaptureThread.cpp
         VideoController.cpp
         正在生成代码...
         D:\application\Microsoft Visual Studio 10.0\VC\bin\CL.exe /c /I.\GeneratedFiles /I. /ID:\Library\Qt\4.8.6\include /I.\GeneratedFiles\Debug /ID:\Library\Qt\4.8.6\include\QtCore /ID:\Library\Qt\4.8.6\include\QtGui /ID:\Library\Qt\4.8.6\include\QtOpenGL /I.\GUI /I.\Threads /I"D:\Library\Optitrack\Camera SDK\include" /I"D:\Library\eigen-3.2.4" /ID:\Library\opencv\build\include /ID:\Library\opencv\build\include\opencv /ID:\Library\opencv\build\include\opencv2 /Zi /nologo /W1 /WX- /Od /Oy- /D UNICODE /D WIN32 /D QT_DLL /D QT_CORE_LIB /D QT_GUI_LIB /D QT_OPENGL_LIB /D NOMINMAX /D CAMERALIBRARY_IMPORTS /D CORE_IMPORTS /D USE_SYNC_THREAD /Gm- /EHsc /MDd /GS /fp:precise /Zc:wchar_t- /Zc:forScope /Fo"Debug\\" /Fd"Debug\vc100.pdb" /Gd /TP /analyze- /errorReport:prompt GeneratedFiles\qrc_mocap.cpp
         qrc_mocap.cpp
       Link:
         D:\application\Microsoft Visual Studio 10.0\VC\bin\link.exe /ERRORREPORT:PROMPT /OUT:"F:\workspace\Qt\Mocap\Win32\Debug\\Mocap.exe" /NOLOGO /LIBPATH:D:\Library\Qt\4.8.6\lib /LIBPATH:"D:\Library\Optitrack\Camera SDK\lib" /LIBPATH:D:\Library\opencv\build\x86\vc10\lib qtmaind.lib QtCored4.lib QtGuid4.lib QtOpenGLd4.lib opengl32.lib glu32.lib CameraLibrary2005D.lib opencv_calib3d246.lib opencv_calib3d246d.lib opencv_contrib246.lib opencv_contrib246d.lib opencv_core246.lib opencv_core246d.lib opencv_features2d246.lib opencv_features2d246d.lib opencv_flann246.lib opencv_flann246d.lib opencv_gpu246.lib opencv_gpu246d.lib opencv_haartraining_engine.lib opencv_haartraining_engined.lib opencv_highgui246.lib opencv_highgui246d.lib opencv_imgproc246.lib opencv_imgproc246d.lib opencv_legacy246.lib opencv_legacy246d.lib opencv_ml246.lib opencv_ml246d.lib opencv_nonfree246.lib opencv_nonfree246d.lib opencv_objdetect246.lib opencv_objdetect246d.lib opencv_ocl246.lib opencv_ocl246d.lib opencv_photo246.lib opencv_photo246d.lib opencv_stitching246.lib opencv_stitching246d.lib opencv_superres246.lib opencv_superres246d.lib opencv_ts246.lib opencv_ts246d.lib opencv_video246.lib opencv_video246d.lib opencv_videostab246.lib opencv_videostab246d.lib kernel32.lib user32.lib gdi32.lib winspool.lib comdlg32.lib advapi32.lib shell32.lib ole32.lib oleaut32.lib uuid.lib odbc32.lib odbccp32.lib /MANIFEST /ManifestFile:"Debug\Mocap.exe.intermediate.manifest" /MANIFESTUAC:"level='asInvoker' uiAccess='false'" /DEBUG /PDB:"F:\workspace\Qt\Mocap\Win32\Debug\Mocap.pdb" /SUBSYSTEM:WINDOWS /TLBID:1 /DYNAMICBASE /NXCOMPAT /IMPLIB:"F:\workspace\Qt\Mocap\Win32\Debug\Mocap.lib" /MACHINE:X86 Debug\AbstractCamera.obj
         Debug\AbstractTracker.obj
         Debug\BasicReconstructor.obj
         Debug\Blob.obj
         Debug\CalibrationParaWidget.obj
         Debug\CalibrationWidget.obj
         Debug\CameraParaWidget.obj
         Debug\CameraWidget.obj
         Debug\EvaluationWidget.obj
         Debug\moc_CalibrationParaWidget.obj
         Debug\moc_CalibrationWidget.obj
         Debug\moc_CameraParaWidget.obj
         Debug\moc_CameraWidget.obj
         Debug\moc_CaptureController.obj
         Debug\moc_EvaluationWidget.obj
         Debug\moc_ImageWidget.obj
         Debug\moc_mocap.obj
         Debug\moc_POISemanticSelectionDialog.obj
         Debug\moc_POIsImageWidget.obj
         Debug\moc_PostprocessWidget.obj
         Debug\moc_ReconstructionParaWidget.obj
         Debug\moc_ReconstructionWidget.obj
         Debug\moc_SynCaptureThread.obj
         Debug\moc_ThreeDWidget.obj
         Debug\moc_VideoController.obj
         Debug\qrc_mocap.obj
         Debug\ImageWidget.obj
         Debug\POISemanticSelectionDialog.obj
         Debug\POIsImageWidget.obj
         Debug\ThreeDWidget.obj
         Debug\KalmanFilterTracker.obj
         Debug\main.obj
         Debug\mocap.obj
         Debug\OptiTrackCamera.obj
         Debug\POI.obj
         Debug\POIFinder.obj
         Debug\PostprocessWidget.obj
         Debug\Profile.obj
         Debug\ReconstructionParaWidget.obj
         Debug\ReconstructionWidget.obj
         Debug\CaptureController.obj
         Debug\SynCaptureThread.obj
         Debug\VideoController.obj
         F:\workspace\Qt\Mocap\Debug\INIParser.lib
         Mocap.vcxproj -> F:\workspace\Qt\Mocap\Win32\Debug\Mocap.exe
       Manifest:
         C:\Program Files (x86)\Microsoft SDKs\Windows\v7.0A\bin\mt.exe /nologo /verbose /outputresource:"F:\workspace\Qt\Mocap\Win32\Debug\\Mocap.exe;#1" /manifest Debug\Mocap.exe.intermediate.manifest
       FinalizeBuildStatus:
         正在删除文件“Debug\Mocap.unsuccessfulbuild”。
         正在对“Debug\Mocap.lastbuildstate”执行 Touch 任务。
     1>已完成生成项目“F:\workspace\Qt\Mocap\Mocap\Mocap.vcxproj”(rebuild 个目标)的操作。

生成成功。

已用时间 00:00:56.72
