F:\WORKSPACE\QT\MOCAP\MOCAP\DEBUG\ABSTRACTCAMERA.OBJ
F:\WORKSPACE\QT\MOCAP\MOCAP\DEBUG\ABSTRACTTRACKER.OBJ
F:\WORKSPACE\QT\MOCAP\MOCAP\DEBUG\BASICRECONSTRUCTOR.OBJ
F:\WORKSPACE\QT\MOCAP\MOCAP\DEBUG\BLOB.OBJ
F:\WORKSPACE\QT\MOCAP\MOCAP\DEBUG\CALIBRATIONPARAWIDGET.OBJ
F:\WORKSPACE\QT\MOCAP\MOCAP\DEBUG\CALIBRATIONWIDGET.OBJ
F:\WORKSPACE\QT\MOCAP\MOCAP\DEBUG\CAMERAPARAWIDGET.OBJ
F:\WORKSPACE\QT\MOCAP\MOCAP\DEBUG\CAMERAWIDGET.OBJ
F:\WORKSPACE\QT\MOCAP\MOCAP\DEBUG\CAPTURECONTROLLER.OBJ
F:\workspace\Qt\Mocap\Mocap\Debug\cl.command.1.tlog
F:\workspace\Qt\Mocap\Mocap\Debug\CL.read.1.tlog
F:\workspace\Qt\Mocap\Mocap\Debug\CL.write.1.tlog
F:\workspace\Qt\Mocap\Mocap\Debug\custombuild.command.1.tlog
F:\workspace\Qt\Mocap\Mocap\Debug\custombuild.read.1.tlog
F:\workspace\Qt\Mocap\Mocap\Debug\custombuild.write.1.tlog
F:\WORKSPACE\QT\MOCAP\MOCAP\DEBUG\EVALUATIONWIDGET.OBJ
F:\WORKSPACE\QT\MOCAP\MOCAP\DEBUG\IMAGEWIDGET.OBJ
F:\WORKSPACE\QT\MOCAP\MOCAP\DEBUG\KALMANFILTERTRACKER.OBJ
F:\workspace\Qt\Mocap\Mocap\Debug\link.command.1.tlog
F:\workspace\Qt\Mocap\Mocap\Debug\link.read.1.tlog
F:\workspace\Qt\Mocap\Mocap\Debug\link.write.1.tlog
F:\WORKSPACE\QT\MOCAP\MOCAP\DEBUG\MAIN.OBJ
F:\WORKSPACE\QT\MOCAP\MOCAP\DEBUG\MOC_CALIBRATIONPARAWIDGET.OBJ
F:\WORKSPACE\QT\MOCAP\MOCAP\DEBUG\MOC_CALIBRATIONWIDGET.OBJ
F:\WORKSPACE\QT\MOCAP\MOCAP\DEBUG\MOC_CAMERAPARAWIDGET.OBJ
F:\WORKSPACE\QT\MOCAP\MOCAP\DEBUG\MOC_CAMERAWIDGET.OBJ
F:\WORKSPACE\QT\MOCAP\MOCAP\DEBUG\MOC_CAPTURECONTROLLER.OBJ
F:\WORKSPACE\QT\MOCAP\MOCAP\DEBUG\MOC_EVALUATIONWIDGET.OBJ
F:\WORKSPACE\QT\MOCAP\MOCAP\DEBUG\MOC_IMAGEWIDGET.OBJ
F:\WORKSPACE\QT\MOCAP\MOCAP\DEBUG\MOC_MOCAP.OBJ
F:\WORKSPACE\QT\MOCAP\MOCAP\DEBUG\MOC_POISEMANTICSELECTIONDIALOG.OBJ
F:\WORKSPACE\QT\MOCAP\MOCAP\DEBUG\MOC_POISIMAGEWIDGET.OBJ
F:\WORKSPACE\QT\MOCAP\MOCAP\DEBUG\MOC_POSTPROCESSWIDGET.OBJ
F:\WORKSPACE\QT\MOCAP\MOCAP\DEBUG\MOC_RECONSTRUCTIONPARAWIDGET.OBJ
F:\WORKSPACE\QT\MOCAP\MOCAP\DEBUG\MOC_RECONSTRUCTIONWIDGET.OBJ
F:\WORKSPACE\QT\MOCAP\MOCAP\DEBUG\MOC_SYNCAPTURETHREAD.OBJ
F:\WORKSPACE\QT\MOCAP\MOCAP\DEBUG\MOC_THREEDWIDGET.OBJ
F:\WORKSPACE\QT\MOCAP\MOCAP\DEBUG\MOC_VIDEOCONTROLLER.OBJ
F:\WORKSPACE\QT\MOCAP\MOCAP\DEBUG\MOCAP.EXE.INTERMEDIATE.MANIFEST
F:\WORKSPACE\QT\MOCAP\MOCAP\DEBUG\MOCAP.OBJ
F:\workspace\Qt\Mocap\Mocap\Debug\Mocap.vcxprojResolveAssemblyReference.cache
F:\workspace\Qt\Mocap\Mocap\Debug\Mocap.write.1.tlog
F:\workspace\Qt\Mocap\Mocap\Debug\mt.command.1.tlog
F:\workspace\Qt\Mocap\Mocap\Debug\mt.read.1.tlog
F:\workspace\Qt\Mocap\Mocap\Debug\mt.write.1.tlog
F:\WORKSPACE\QT\MOCAP\MOCAP\DEBUG\OPTITRACKCAMERA.OBJ
F:\WORKSPACE\QT\MOCAP\MOCAP\DEBUG\POI.OBJ
F:\WORKSPACE\QT\MOCAP\MOCAP\DEBUG\POIFINDER.OBJ
F:\WORKSPACE\QT\MOCAP\MOCAP\DEBUG\POISEMANTICSELECTIONDIALOG.OBJ
F:\WORKSPACE\QT\MOCAP\MOCAP\DEBUG\POISIMAGEWIDGET.OBJ
F:\WORKSPACE\QT\MOCAP\MOCAP\DEBUG\POSTPROCESSWIDGET.OBJ
F:\WORKSPACE\QT\MOCAP\MOCAP\DEBUG\PROFILE.OBJ
F:\WORKSPACE\QT\MOCAP\MOCAP\DEBUG\QRC_MOCAP.OBJ
F:\WORKSPACE\QT\MOCAP\MOCAP\DEBUG\RECONSTRUCTIONPARAWIDGET.OBJ
F:\WORKSPACE\QT\MOCAP\MOCAP\DEBUG\RECONSTRUCTIONWIDGET.OBJ
F:\WORKSPACE\QT\MOCAP\MOCAP\DEBUG\SYNCAPTURETHREAD.OBJ
F:\WORKSPACE\QT\MOCAP\MOCAP\DEBUG\THREEDWIDGET.OBJ
F:\WORKSPACE\QT\MOCAP\MOCAP\DEBUG\VC100.PDB
F:\WORKSPACE\QT\MOCAP\MOCAP\DEBUG\VIDEOCONTROLLER.OBJ
F:\WORKSPACE\QT\MOCAP\MOCAP\GENERATEDFILES\DEBUG\MOC_CALIBRATIONPARAWIDGET.CPP
F:\WORKSPACE\QT\MOCAP\MOCAP\GENERATEDFILES\DEBUG\MOC_CALIBRATIONWIDGET.CPP
F:\WORKSPACE\QT\MOCAP\MOCAP\GENERATEDFILES\DEBUG\MOC_CAMERAPARAWIDGET.CPP
F:\WORKSPACE\QT\MOCAP\MOCAP\GENERATEDFILES\DEBUG\MOC_CAMERAWIDGET.CPP
F:\WORKSPACE\QT\MOCAP\MOCAP\GENERATEDFILES\DEBUG\MOC_CAPTURECONTROLLER.CPP
F:\WORKSPACE\QT\MOCAP\MOCAP\GENERATEDFILES\DEBUG\MOC_EVALUATIONWIDGET.CPP
F:\WORKSPACE\QT\MOCAP\MOCAP\GENERATEDFILES\DEBUG\MOC_IMAGEWIDGET.CPP
F:\WORKSPACE\QT\MOCAP\MOCAP\GENERATEDFILES\DEBUG\MOC_MOCAP.CPP
F:\WORKSPACE\QT\MOCAP\MOCAP\GENERATEDFILES\DEBUG\MOC_POISEMANTICSELECTIONDIALOG.CPP
F:\WORKSPACE\QT\MOCAP\MOCAP\GENERATEDFILES\DEBUG\MOC_POISIMAGEWIDGET.CPP
F:\WORKSPACE\QT\MOCAP\MOCAP\GENERATEDFILES\DEBUG\MOC_POSTPROCESSWIDGET.CPP
F:\WORKSPACE\QT\MOCAP\MOCAP\GENERATEDFILES\DEBUG\MOC_RECONSTRUCTIONPARAWIDGET.CPP
F:\WORKSPACE\QT\MOCAP\MOCAP\GENERATEDFILES\DEBUG\MOC_RECONSTRUCTIONWIDGET.CPP
F:\WORKSPACE\QT\MOCAP\MOCAP\GENERATEDFILES\DEBUG\MOC_SYNCAPTURETHREAD.CPP
F:\WORKSPACE\QT\MOCAP\MOCAP\GENERATEDFILES\DEBUG\MOC_THREEDWIDGET.CPP
F:\WORKSPACE\QT\MOCAP\MOCAP\GENERATEDFILES\DEBUG\MOC_VIDEOCONTROLLER.CPP
F:\WORKSPACE\QT\MOCAP\MOCAP\GENERATEDFILES\QRC_MOCAP.CPP
F:\WORKSPACE\QT\MOCAP\MOCAP\GENERATEDFILES\UI_CALIBRATIONPARAWIDGET.H
F:\WORKSPACE\QT\MOCAP\MOCAP\GENERATEDFILES\UI_CALIBRATIONWIDGET.H
F:\WORKSPACE\QT\MOCAP\MOCAP\GENERATEDFILES\UI_CAMERAPARAWIDGET.H
F:\WORKSPACE\QT\MOCAP\MOCAP\GENERATEDFILES\UI_CAMERAWIDGET.H
F:\WORKSPACE\QT\MOCAP\MOCAP\GENERATEDFILES\UI_EVALUATIONWIDGET.H
F:\WORKSPACE\QT\MOCAP\MOCAP\GENERATEDFILES\UI_IMAGEWIDGET.H
F:\WORKSPACE\QT\MOCAP\MOCAP\GENERATEDFILES\UI_MOCAP.H
F:\WORKSPACE\QT\MOCAP\MOCAP\GENERATEDFILES\UI_POISEMANTICSELECTIONDIALOG.H
F:\WORKSPACE\QT\MOCAP\MOCAP\GENERATEDFILES\UI_POSTPROCESSWIDGET.H
F:\WORKSPACE\QT\MOCAP\MOCAP\GENERATEDFILES\UI_RECONSTRUCTIONPARAWIDGET.H
F:\WORKSPACE\QT\MOCAP\MOCAP\GENERATEDFILES\UI_RECONSTRUCTIONWIDGET.H
F:\WORKSPACE\QT\MOCAP\MOCAP\GENERATEDFILES\UI_THREEDWIDGET.H
F:\WORKSPACE\QT\MOCAP\WIN32\DEBUG\MOCAP.EXE
F:\WORKSPACE\QT\MOCAP\WIN32\DEBUG\MOCAP.ILK
F:\WORKSPACE\QT\MOCAP\WIN32\DEBUG\MOCAP.PDB
